2025-11-05 12:37:58,020 INFO o.a.j.u.JMeterUtils: Setting Locale to en_EN
2025-11-05 12:37:58,046 INFO o.a.j.JMeter: Loading user properties from: /opt/homebrew/Cellar/jmeter/5.6.3/libexec/bin/user.properties
2025-11-05 12:37:58,047 INFO o.a.j.JMeter: Loading system properties from: /opt/homebrew/Cellar/jmeter/5.6.3/libexec/bin/system.properties
2025-11-05 12:37:58,050 INFO o.a.j.JMeter: Copyright (c) 1998-2024 The Apache Software Foundation
2025-11-05 12:37:58,050 INFO o.a.j.JMeter: Version 5.6.3
2025-11-05 12:37:58,050 INFO o.a.j.JMeter: java.version=21.0.9
2025-11-05 12:37:58,051 INFO o.a.j.JMeter: java.vm.name=OpenJDK 64-Bit Server VM
2025-11-05 12:37:58,051 INFO o.a.j.JMeter: os.name=Mac OS X
2025-11-05 12:37:58,051 INFO o.a.j.JMeter: os.arch=aarch64
2025-11-05 12:37:58,051 INFO o.a.j.JMeter: os.version=15.6.1
2025-11-05 12:37:58,051 INFO o.a.j.JMeter: file.encoding=UTF-8
2025-11-05 12:37:58,051 INFO o.a.j.JMeter: java.awt.headless=true
2025-11-05 12:37:58,051 INFO o.a.j.JMeter: Max memory     =1073741824
2025-11-05 12:37:58,051 INFO o.a.j.JMeter: Available Processors =10
2025-11-05 12:37:58,058 INFO o.a.j.JMeter: Default Locale=English (EN)
2025-11-05 12:37:58,058 INFO o.a.j.JMeter: JMeter  Locale=English (EN)
2025-11-05 12:37:58,058 INFO o.a.j.JMeter: JMeterHome=/opt/homebrew/Cellar/jmeter/5.6.3/libexec
2025-11-05 12:37:58,058 INFO o.a.j.JMeter: user.dir  =/Users/ogaemma/AndroidStudioProjects/CashiChallenge/server/jmeter
2025-11-05 12:37:58,058 INFO o.a.j.JMeter: PWD       =/Users/ogaemma/AndroidStudioProjects/CashiChallenge/server/jmeter
2025-11-05 12:37:58,065 INFO o.a.j.JMeter: IP: 192.168.2.76 Name: MacBookPro FullName: macbookpro
2025-11-05 12:37:58,075 INFO o.a.j.s.FileServer: Default base='/Users/ogaemma/AndroidStudioProjects/CashiChallenge/server/jmeter'
2025-11-05 12:37:58,076 INFO o.a.j.s.FileServer: Set new base='/Users/ogaemma/AndroidStudioProjects/CashiChallenge/server/jmeter'
2025-11-05 12:37:58,194 INFO o.a.j.s.SaveService: Testplan (JMX) version: 2.2. Testlog (JTL) version: 2.2
2025-11-05 12:37:58,220 INFO o.a.j.s.SaveService: Using SaveService properties version 5.0
2025-11-05 12:37:58,221 INFO o.a.j.s.SaveService: Using SaveService properties file encoding UTF-8
2025-11-05 12:37:58,223 INFO o.a.j.s.SaveService: Loading file: api_load_test.jmx
2025-11-05 12:37:58,263 INFO o.a.j.p.h.s.HTTPSamplerBase: Parser for text/html is org.apache.jmeter.protocol.http.parser.LagartoBasedHtmlParser
2025-11-05 12:37:58,263 INFO o.a.j.p.h.s.HTTPSamplerBase: Parser for application/xhtml+xml is org.apache.jmeter.protocol.http.parser.LagartoBasedHtmlParser
2025-11-05 12:37:58,263 INFO o.a.j.p.h.s.HTTPSamplerBase: Parser for application/xml is org.apache.jmeter.protocol.http.parser.LagartoBasedHtmlParser
2025-11-05 12:37:58,263 INFO o.a.j.p.h.s.HTTPSamplerBase: Parser for text/xml is org.apache.jmeter.protocol.http.parser.LagartoBasedHtmlParser
2025-11-05 12:37:58,263 INFO o.a.j.p.h.s.HTTPSamplerBase: Parser for text/vnd.wap.wml is org.apache.jmeter.protocol.http.parser.RegexpHTMLParser
2025-11-05 12:37:58,263 INFO o.a.j.p.h.s.HTTPSamplerBase: Parser for text/css is org.apache.jmeter.protocol.http.parser.CssParser
2025-11-05 12:37:58,281 INFO o.a.j.JMeter: Creating summariser <summary>
2025-11-05 12:37:58,288 INFO o.a.j.e.StandardJMeterEngine: Running the test!
2025-11-05 12:37:58,289 INFO o.a.j.s.SampleEvent: List of sample_variables: []
2025-11-05 12:37:58,289 INFO o.a.j.s.SampleEvent: List of sample_variables: []
2025-11-05 12:37:58,291 INFO o.a.j.e.u.CompoundVariable: Note: Function class names must contain the string: '.functions.'
2025-11-05 12:37:58,291 INFO o.a.j.e.u.CompoundVariable: Note: Function class names must not contain the string: '.gui.'
2025-11-05 12:37:58,326 INFO o.a.j.r.ClassFinder: Will scan jar /opt/homebrew/Cellar/jmeter/5.6.3/libexec/lib/ext/jmeter-plugins-manager-1.9.jar with filter ExtendsClassFilter [parents=[interface org.apache.jmeter.functions.Function], inner=false, contains=null, notContains=null]. Consider exposing JMeter plugins via META-INF/services, and add JMeter-Skip-Class-Scanning=true manifest attribute so JMeter can skip classfile scanning
2025-11-05 12:37:58,379 INFO o.a.j.JMeter: Running test (1762342678379)
2025-11-05 12:37:58,389 INFO o.a.j.e.StandardJMeterEngine: Starting ThreadGroup: 1 : Thread Group
2025-11-05 12:37:58,389 INFO o.a.j.e.StandardJMeterEngine: Starting 5 threads for group Thread Group.
2025-11-05 12:37:58,390 INFO o.a.j.e.StandardJMeterEngine: Thread will continue on error
2025-11-05 12:37:58,390 INFO o.a.j.t.ThreadGroup: Starting thread group... number=1 threads=5 ramp-up=5 delayedStart=false
2025-11-05 12:37:58,392 INFO o.a.j.t.ThreadGroup: Started thread group number 1
2025-11-05 12:37:58,393 INFO o.a.j.e.StandardJMeterEngine: All thread groups have been started
2025-11-05 12:37:58,393 INFO o.a.j.t.JMeterThread: Thread started: Thread Group 1-1
2025-11-05 12:37:58,405 INFO o.a.j.p.h.s.HTTPHCAbstractImpl: Local host = MacBookPro
2025-11-05 12:37:58,409 INFO o.a.j.p.h.s.HTTPHC4Impl: HTTP request retry count = 0
2025-11-05 12:37:58,410 INFO o.a.j.s.SampleResult: Note: Sample TimeStamps are START times
2025-11-05 12:37:58,410 INFO o.a.j.s.SampleResult: sampleresult.default.encoding is set to UTF-8
2025-11-05 12:37:58,410 INFO o.a.j.s.SampleResult: sampleresult.useNanoTime=true
2025-11-05 12:37:58,410 INFO o.a.j.s.SampleResult: sampleresult.nanoThreadSleep=5000
2025-11-05 12:37:58,683 INFO o.a.j.t.JMeterThread: Thread is done: Thread Group 1-1
2025-11-05 12:37:58,683 INFO o.a.j.t.JMeterThread: Thread finished: Thread Group 1-1
2025-11-05 12:37:59,396 INFO o.a.j.t.JMeterThread: Thread started: Thread Group 1-2
2025-11-05 12:37:59,402 INFO o.a.j.t.JMeterThread: Thread is done: Thread Group 1-2
2025-11-05 12:37:59,402 INFO o.a.j.t.JMeterThread: Thread finished: Thread Group 1-2
2025-11-05 12:38:00,393 INFO o.a.j.t.JMeterThread: Thread started: Thread Group 1-3
2025-11-05 12:38:00,400 INFO o.a.j.r.Summariser: summary +      3 in 00:00:02 =    1.5/s Avg:    79 Min:     4 Max:   230 Err:     0 (0.00%) Active: 1 Started: 3 Finished: 2
2025-11-05 12:38:00,401 INFO o.a.j.t.JMeterThread: Thread is done: Thread Group 1-3
2025-11-05 12:38:00,401 INFO o.a.j.t.JMeterThread: Thread finished: Thread Group 1-3
2025-11-05 12:38:01,392 INFO o.a.j.t.JMeterThread: Thread started: Thread Group 1-4
2025-11-05 12:38:01,398 INFO o.a.j.t.JMeterThread: Thread is done: Thread Group 1-4
2025-11-05 12:38:01,398 INFO o.a.j.t.JMeterThread: Thread finished: Thread Group 1-4
2025-11-05 12:38:02,391 INFO o.a.j.t.JMeterThread: Thread started: Thread Group 1-5
2025-11-05 12:38:02,396 INFO o.a.j.t.JMeterThread: Thread is done: Thread Group 1-5
2025-11-05 12:38:02,397 INFO o.a.j.t.JMeterThread: Thread finished: Thread Group 1-5
2025-11-05 12:38:02,397 INFO o.a.j.e.StandardJMeterEngine: Notifying test listeners of end of test
2025-11-05 12:38:02,397 INFO o.a.j.r.Summariser: summary +      2 in 00:00:02 =    1.0/s Avg:     4 Min:     4 Max:     5 Err:     0 (0.00%) Active: 0 Started: 5 Finished: 5
2025-11-05 12:38:02,398 INFO o.a.j.r.Summariser: summary =      5 in 00:00:04 =    1.2/s Avg:    49 Min:     4 Max:   230 Err:     0 (0.00%)
